Arguments: 
  /Users/ielmar/.nvm/versions/node/v16.13.1/bin/node /Users/ielmar/.nvm/versions/node/v16.13.1/bin/yarn

PATH: 
  /Users/ielmar/.rvm/gems/ruby-3.0.0/bin:/Users/ielmar/.rvm/gems/ruby-3.0.0@global/bin:/Users/ielmar/.rvm/rubies/ruby-3.0.0/bin:/Users/ielmar/Library/pnpm:/Users/ielmar/.nvm/versions/node/v16.13.1/bin:/Users/ielmar/.fly/bin:/Users/ielmar/.npm-packages/bin:/Users/ielmar/.yarn/bin:/Users/ielmar/.config/yarn/global/node_modules/.bin:/Applications/Sublime Text.app/Contents/SharedSupport/bin:/opt/homebrew/bin:/opt/homebrew/sbin:/usr/local/bin:/usr/bin:/bin:/usr/sbin:/sbin:/Library/Apple/usr/bin:/Users/ielmar/.rvm/gems/ruby-3.0.0/bin:/Users/ielmar/.rvm/gems/ruby-3.0.0@global/bin:/Users/ielmar/.rvm/rubies/ruby-3.0.0/bin:/Users/ielmar/Library/pnpm:/Users/ielmar/.nvm/versions/node/v16.13.1/bin:/Users/ielmar/.fly/bin:/Users/ielmar/.npm-packages/bin:/Users/ielmar/.yarn/bin:/Users/ielmar/.config/yarn/global/node_modules/.bin:/Applications/Sublime Text.app/Contents/SharedSupport/bin:/opt/homebrew/bin:/opt/homebrew/sbin:/Users/ielmar/Documents/Android/SDK/platform-tools:/Users/ielmar/.fig/bin:/Users/ielmar/.local/bin:/Users/ielmar/Library/Android/sdk/tools:/Users/ielmar/Library/Android/sdk/platform-tools:/Users/ielmar/.rvm/bin:/Users/ielmar/Documents/Android/SDK/platform-tools:/Users/ielmar/Library/Android/sdk/tools:/Users/ielmar/Library/Android/sdk/platform-tools:/Users/ielmar/.rvm/bin

Yarn version: 
  1.22.17

Node version: 
  16.13.1

Platform: 
  darwin x64

Trace: 
  SyntaxError: /Users/ielmar/Development/sites/react-websockets/package.json: Unexpected token } in JSON at position 140
      at JSON.parse (<anonymous>)
      at /Users/ielmar/.nvm/versions/node/v16.13.1/lib/node_modules/yarn/lib/cli.js:1625:59
      at Generator.next (<anonymous>)
      at step (/Users/ielmar/.nvm/versions/node/v16.13.1/lib/node_modules/yarn/lib/cli.js:310:30)
      at /Users/ielmar/.nvm/versions/node/v16.13.1/lib/node_modules/yarn/lib/cli.js:321:13

npm manifest: 
  {
    "name": "react",
    "version": "1.0.0",
    "description": "Realtime Crypto Currency Tracker",
    "dependencies": {
      "next": "latest",
    },
    "scripts": {
      "dev": "next dev",
      "build": "next build",
      "start": "next start"
    }
  }

yarn manifest: 
  No manifest

Lockfile: 
  No lockfile
